{"D:\\source\\zq-vue-hook\\src\\useAsyncRun\\index.ts": {"path":"D:\\source\\zq-vue-hook\\src\\useAsyncRun\\index.ts","statementMap":{"0":{"start":{"line":2,"column":0},"end":{"line":2,"column":34}},"1":{"start":{"line":5,"column":21},"end":{"line":5,"column":31}},"2":{"start":{"line":7,"column":18},"end":{"line":7,"column":46}},"3":{"start":{"line":7,"column":31},"end":{"line":7,"column":45}},"4":{"start":{"line":10,"column":8},"end":{"line":18,"column":null}},"5":{"start":{"line":11,"column":12},"end":{"line":11,"column":34}},"6":{"start":{"line":12,"column":27},"end":{"line":12,"column":45}},"7":{"start":{"line":13,"column":12},"end":{"line":13,"column":null}},"8":{"start":{"line":15,"column":12},"end":{"line":15,"column":null}},"9":{"start":{"line":17,"column":12},"end":{"line":17,"column":null}},"10":{"start":{"line":22,"column":8},"end":{"line":24,"column":null}},"11":{"start":{"line":23,"column":12},"end":{"line":23,"column":null}},"12":{"start":{"line":27,"column":4},"end":{"line":31,"column":null}},"13":{"start":{"line":4,"column":0},"end":{"line":4,"column":24}}},"fnMap":{"0":{"name":"useAsyncRun","decl":{"start":{"line":4,"column":24},"end":{"line":4,"column":35}},"loc":{"start":{"line":4,"column":68},"end":{"line":32,"column":1}}},"1":{"name":"(anonymous_1)","decl":{"start":{"line":7,"column":27},"end":{"line":7,"column":29}},"loc":{"start":{"line":7,"column":31},"end":{"line":7,"column":45}}},"2":{"name":"run","decl":{"start":{"line":9,"column":19},"end":{"line":9,"column":22}},"loc":{"start":{"line":9,"column":82},"end":{"line":19,"column":5}}},"3":{"name":"layzRun","decl":{"start":{"line":21,"column":13},"end":{"line":21,"column":20}},"loc":{"start":{"line":21,"column":68},"end":{"line":25,"column":5}}},"4":{"name":"(anonymous_4)","decl":{"start":{"line":22,"column":15},"end":{"line":22,"column":24}},"loc":{"start":{"line":22,"column":33},"end":{"line":24,"column":9}}}},"branchMap":{},"s":{"0":2,"1":2,"2":2,"3":26,"4":13,"5":13,"6":13,"7":12,"8":1,"9":13,"10":2,"11":11,"12":2,"13":2},"f":{"0":2,"1":26,"2":13,"3":2,"4":11},"b":{}}
,"D:\\source\\zq-vue-hook\\src\\useData\\index.ts": {"path":"D:\\source\\zq-vue-hook\\src\\useData\\index.ts","statementMap":{"0":{"start":{"line":1,"column":0},"end":{"line":1,"column":46}},"1":{"start":{"line":4,"column":0},"end":{"line":4,"column":47}},"2":{"start":{"line":7,"column":4},"end":{"line":10,"column":null}},"3":{"start":{"line":15,"column":33},"end":{"line":15,"column":69}},"4":{"start":{"line":16,"column":21},"end":{"line":19,"column":null}},"5":{"start":{"line":21,"column":21},"end":{"line":21,"column":47}},"6":{"start":{"line":22,"column":17},"end":{"line":22,"column":38}},"7":{"start":{"line":23,"column":18},"end":{"line":23,"column":41}},"8":{"start":{"line":24,"column":29},"end":{"line":24,"column":36}},"9":{"start":{"line":25,"column":19},"end":{"line":25,"column":25}},"10":{"start":{"line":26,"column":20},"end":{"line":32,"column":6}},"11":{"start":{"line":27,"column":25},"end":{"line":27,"column":52}},"12":{"start":{"line":28,"column":8},"end":{"line":30,"column":null}},"13":{"start":{"line":29,"column":12},"end":{"line":29,"column":null}},"14":{"start":{"line":31,"column":8},"end":{"line":31,"column":null}},"15":{"start":{"line":33,"column":22},"end":{"line":33,"column":50}},"16":{"start":{"line":33,"column":35},"end":{"line":33,"column":49}},"17":{"start":{"line":34,"column":21},"end":{"line":34,"column":63}},"18":{"start":{"line":34,"column":34},"end":{"line":34,"column":62}},"19":{"start":{"line":36,"column":18},"end":{"line":40,"column":5}},"20":{"start":{"line":37,"column":8},"end":{"line":39,"column":null}},"21":{"start":{"line":38,"column":12},"end":{"line":38,"column":null}},"22":{"start":{"line":42,"column":17},"end":{"line":46,"column":5}},"23":{"start":{"line":43,"column":8},"end":{"line":45,"column":null}},"24":{"start":{"line":44,"column":12},"end":{"line":44,"column":null}},"25":{"start":{"line":48,"column":17},"end":{"line":50,"column":5}},"26":{"start":{"line":49,"column":8},"end":{"line":49,"column":null}},"27":{"start":{"line":52,"column":16},"end":{"line":54,"column":5}},"28":{"start":{"line":53,"column":8},"end":{"line":53,"column":null}},"29":{"start":{"line":56,"column":21},"end":{"line":60,"column":5}},"30":{"start":{"line":57,"column":8},"end":{"line":59,"column":null}},"31":{"start":{"line":58,"column":12},"end":{"line":58,"column":null}},"32":{"start":{"line":62,"column":18},"end":{"line":68,"column":6}},"33":{"start":{"line":63,"column":8},"end":{"line":63,"column":null}},"34":{"start":{"line":63,"column":38},"end":{"line":63,"column":44}},"35":{"start":{"line":64,"column":8},"end":{"line":67,"column":null}},"36":{"start":{"line":70,"column":18},"end":{"line":70,"column":46}},"37":{"start":{"line":70,"column":33},"end":{"line":70,"column":45}},"38":{"start":{"line":71,"column":18},"end":{"line":71,"column":46}},"39":{"start":{"line":71,"column":33},"end":{"line":71,"column":45}},"40":{"start":{"line":73,"column":37},"end":{"line":73,"column":41}},"41":{"start":{"line":74,"column":20},"end":{"line":74,"column":24}},"42":{"start":{"line":76,"column":17},"end":{"line":83,"column":5}},"43":{"start":{"line":77,"column":8},"end":{"line":81,"column":null}},"44":{"start":{"line":78,"column":12},"end":{"line":80,"column":null}},"45":{"start":{"line":79,"column":16},"end":{"line":79,"column":null}},"46":{"start":{"line":82,"column":8},"end":{"line":82,"column":23}},"47":{"start":{"line":85,"column":15},"end":{"line":91,"column":5}},"48":{"start":{"line":86,"column":8},"end":{"line":90,"column":null}},"49":{"start":{"line":87,"column":12},"end":{"line":87,"column":null}},"50":{"start":{"line":88,"column":12},"end":{"line":88,"column":null}},"51":{"start":{"line":89,"column":12},"end":{"line":89,"column":null}},"52":{"start":{"line":93,"column":4},"end":{"line":95,"column":null}},"53":{"start":{"line":94,"column":8},"end":{"line":94,"column":null}},"54":{"start":{"line":97,"column":20},"end":{"line":101,"column":5}},"55":{"start":{"line":98,"column":19},"end":{"line":98,"column":83}},"56":{"start":{"line":99,"column":8},"end":{"line":99,"column":null}},"57":{"start":{"line":100,"column":8},"end":{"line":100,"column":null}},"58":{"start":{"line":103,"column":21},"end":{"line":103,"column":48}},"59":{"start":{"line":105,"column":19},"end":{"line":108,"column":5}},"60":{"start":{"line":106,"column":8},"end":{"line":106,"column":null}},"61":{"start":{"line":107,"column":8},"end":{"line":107,"column":null}},"62":{"start":{"line":110,"column":4},"end":{"line":127,"column":null}},"63":{"start":{"line":14,"column":0},"end":{"line":14,"column":24}}},"fnMap":{"0":{"name":"defaultOptions","decl":{"start":{"line":6,"column":9},"end":{"line":6,"column":23}},"loc":{"start":{"line":6,"column":23},"end":{"line":11,"column":1}}},"1":{"name":"useData","decl":{"start":{"line":14,"column":24},"end":{"line":14,"column":31}},"loc":{"start":{"line":14,"column":108},"end":{"line":128,"column":1}}},"2":{"name":"(anonymous_3)","decl":{"start":{"line":26,"column":29},"end":{"line":26,"column":31}},"loc":{"start":{"line":26,"column":33},"end":{"line":32,"column":5}}},"3":{"name":"(anonymous_4)","decl":{"start":{"line":33,"column":31},"end":{"line":33,"column":33}},"loc":{"start":{"line":33,"column":35},"end":{"line":33,"column":49}}},"4":{"name":"(anonymous_5)","decl":{"start":{"line":34,"column":30},"end":{"line":34,"column":32}},"loc":{"start":{"line":34,"column":34},"end":{"line":34,"column":62}}},"5":{"name":"(anonymous_6)","decl":{"start":{"line":36,"column":18},"end":{"line":36,"column":20}},"loc":{"start":{"line":36,"column":22},"end":{"line":40,"column":5}}},"6":{"name":"(anonymous_7)","decl":{"start":{"line":42,"column":17},"end":{"line":42,"column":19}},"loc":{"start":{"line":42,"column":21},"end":{"line":46,"column":5}}},"7":{"name":"(anonymous_8)","decl":{"start":{"line":48,"column":17},"end":{"line":48,"column":19}},"loc":{"start":{"line":48,"column":21},"end":{"line":50,"column":5}}},"8":{"name":"(anonymous_9)","decl":{"start":{"line":52,"column":16},"end":{"line":52,"column":18}},"loc":{"start":{"line":52,"column":20},"end":{"line":54,"column":5}}},"9":{"name":"(anonymous_10)","decl":{"start":{"line":56,"column":21},"end":{"line":56,"column":22}},"loc":{"start":{"line":56,"column":39},"end":{"line":60,"column":5}}},"10":{"name":"(anonymous_11)","decl":{"start":{"line":62,"column":27},"end":{"line":62,"column":30}},"loc":{"start":{"line":62,"column":32},"end":{"line":68,"column":5}}},"11":{"name":"(anonymous_12)","decl":{"start":{"line":70,"column":27},"end":{"line":70,"column":30}},"loc":{"start":{"line":70,"column":33},"end":{"line":70,"column":45}}},"12":{"name":"(anonymous_13)","decl":{"start":{"line":71,"column":27},"end":{"line":71,"column":30}},"loc":{"start":{"line":71,"column":33},"end":{"line":71,"column":45}}},"13":{"name":"(anonymous_14)","decl":{"start":{"line":76,"column":17},"end":{"line":76,"column":20}},"loc":{"start":{"line":76,"column":22},"end":{"line":83,"column":5}}},"14":{"name":"(anonymous_15)","decl":{"start":{"line":78,"column":34},"end":{"line":78,"column":35}},"loc":{"start":{"line":78,"column":38},"end":{"line":80,"column":13}}},"15":{"name":"(anonymous_16)","decl":{"start":{"line":85,"column":15},"end":{"line":85,"column":17}},"loc":{"start":{"line":85,"column":19},"end":{"line":91,"column":5}}},"16":{"name":"(anonymous_17)","decl":{"start":{"line":93,"column":35},"end":{"line":93,"column":40}},"loc":{"start":{"line":93,"column":46},"end":{"line":95,"column":5}}},"17":{"name":"(anonymous_18)","decl":{"start":{"line":97,"column":20},"end":{"line":97,"column":25}},"loc":{"start":{"line":97,"column":31},"end":{"line":101,"column":5}}},"18":{"name":"(anonymous_19)","decl":{"start":{"line":105,"column":19},"end":{"line":105,"column":24}},"loc":{"start":{"line":105,"column":29},"end":{"line":108,"column":5}}}},"branchMap":{"0":{"loc":{"start":{"line":21,"column":25},"end":{"line":21,"column":46}},"type":"binary-expr","locations":[{"start":{"line":21,"column":25},"end":{"line":21,"column":40}},{"start":{"line":21,"column":44},"end":{"line":21,"column":46}}]},"1":{"loc":{"start":{"line":22,"column":21},"end":{"line":22,"column":37}},"type":"binary-expr","locations":[{"start":{"line":22,"column":21},"end":{"line":22,"column":32}},{"start":{"line":22,"column":36},"end":{"line":22,"column":37}}]},"2":{"loc":{"start":{"line":23,"column":22},"end":{"line":23,"column":40}},"type":"binary-expr","locations":[{"start":{"line":23,"column":22},"end":{"line":23,"column":34}},{"start":{"line":23,"column":38},"end":{"line":23,"column":40}}]},"3":{"loc":{"start":{"line":28,"column":8},"end":{"line":30,"column":null}},"type":"if","locations":[{"start":{"line":28,"column":8},"end":{"line":30,"column":null}}]},"4":{"loc":{"start":{"line":37,"column":8},"end":{"line":39,"column":null}},"type":"if","locations":[{"start":{"line":37,"column":8},"end":{"line":39,"column":null}}]},"5":{"loc":{"start":{"line":43,"column":8},"end":{"line":45,"column":null}},"type":"if","locations":[{"start":{"line":43,"column":8},"end":{"line":45,"column":null}}]},"6":{"loc":{"start":{"line":49,"column":8},"end":{"line":49,"column":41}},"type":"binary-expr","locations":[{"start":{"line":49,"column":8},"end":{"line":49,"column":25}},{"start":{"line":49,"column":29},"end":{"line":49,"column":41}}]},"7":{"loc":{"start":{"line":53,"column":8},"end":{"line":53,"column":42}},"type":"binary-expr","locations":[{"start":{"line":53,"column":8},"end":{"line":53,"column":26}},{"start":{"line":53,"column":30},"end":{"line":53,"column":42}}]},"8":{"loc":{"start":{"line":57,"column":8},"end":{"line":59,"column":null}},"type":"if","locations":[{"start":{"line":57,"column":8},"end":{"line":59,"column":null}}]},"9":{"loc":{"start":{"line":57,"column":11},"end":{"line":57,"column":53}},"type":"binary-expr","locations":[{"start":{"line":57,"column":11},"end":{"line":57,"column":23}},{"start":{"line":57,"column":27},"end":{"line":57,"column":53}}]},"10":{"loc":{"start":{"line":63,"column":8},"end":{"line":63,"column":null}},"type":"if","locations":[{"start":{"line":63,"column":8},"end":{"line":63,"column":null}}]},"11":{"loc":{"start":{"line":77,"column":8},"end":{"line":81,"column":null}},"type":"if","locations":[{"start":{"line":77,"column":8},"end":{"line":81,"column":null}}]},"12":{"loc":{"start":{"line":86,"column":8},"end":{"line":90,"column":null}},"type":"if","locations":[{"start":{"line":86,"column":8},"end":{"line":90,"column":null}}]},"13":{"loc":{"start":{"line":99,"column":23},"end":{"line":99,"column":39}},"type":"binary-expr","locations":[{"start":{"line":99,"column":23},"end":{"line":99,"column":33}},{"start":{"line":99,"column":37},"end":{"line":99,"column":39}}]},"14":{"loc":{"start":{"line":100,"column":23},"end":{"line":100,"column":38}},"type":"binary-expr","locations":[{"start":{"line":100,"column":23},"end":{"line":100,"column":33}},{"start":{"line":100,"column":37},"end":{"line":100,"column":38}}]}},"s":{"0":1,"1":1,"2":1,"3":1,"4":1,"5":1,"6":1,"7":1,"8":1,"9":1,"10":1,"11":2,"12":2,"13":2,"14":2,"15":1,"16":7,"17":1,"18":6,"19":1,"20":1,"21":1,"22":1,"23":1,"24":1,"25":1,"26":1,"27":1,"28":1,"29":1,"30":1,"31":1,"32":1,"33":9,"34":0,"35":9,"36":1,"37":10,"38":1,"39":2,"40":1,"41":1,"42":1,"43":10,"44":10,"45":10,"46":10,"47":1,"48":10,"49":10,"50":10,"51":10,"52":1,"53":9,"54":1,"55":10,"56":10,"57":10,"58":1,"59":1,"60":10,"61":10,"62":1,"63":1},"f":{"0":1,"1":1,"2":2,"3":7,"4":6,"5":1,"6":1,"7":1,"8":1,"9":1,"10":9,"11":10,"12":2,"13":10,"14":10,"15":10,"16":9,"17":10,"18":10},"b":{"0":[1,0],"1":[1,0],"2":[1,0],"3":[2],"4":[1],"5":[1],"6":[1,1],"7":[1,1],"8":[1],"9":[1,1],"10":[0],"11":[10],"12":[10],"13":[10,0],"14":[10,0]}}
,"D:\\source\\zq-vue-hook\\test\\testUtils.ts": {"path":"D:\\source\\zq-vue-hook\\test\\testUtils.ts","statementMap":{"0":{"start":{"line":2,"column":4},"end":{"line":4,"column":null}},"1":{"start":{"line":3,"column":8},"end":{"line":3,"column":34}},"2":{"start":{"line":1,"column":0},"end":{"line":1,"column":16}}},"fnMap":{"0":{"name":"sleep","decl":{"start":{"line":1,"column":16},"end":{"line":1,"column":21}},"loc":{"start":{"line":1,"column":37},"end":{"line":5,"column":1}}},"1":{"name":"(anonymous_1)","decl":{"start":{"line":2,"column":23},"end":{"line":2,"column":30}},"loc":{"start":{"line":2,"column":32},"end":{"line":4,"column":5}}}},"branchMap":{"0":{"loc":{"start":{"line":1,"column":22},"end":{"line":1,"column":37}},"type":"default-arg","locations":[{"start":{"line":1,"column":34},"end":{"line":1,"column":37}}]}},"s":{"0":13,"1":13,"2":2},"f":{"0":13,"1":13},"b":{"0":[3]}}
}
