TN:
SF:src\useAsyncRun\index.ts
FN:4,useAsyncRun
FN:7,(anonymous_1)
FN:9,run
FN:21,layzRun
FN:22,(anonymous_4)
FNF:5
FNH:5
FNDA:2,useAsyncRun
FNDA:11,(anonymous_1)
FNDA:13,run
FNDA:3,layzRun
FNDA:11,(anonymous_4)
DA:2,2
DA:4,2
DA:5,2
DA:7,11
DA:10,13
DA:11,13
DA:12,13
DA:13,12
DA:15,1
DA:17,13
DA:22,3
DA:23,11
DA:27,2
LF:13
LH:13
BRF:0
BRH:0
end_of_record
TN:
SF:src\useData\index.ts
FN:6,defaultOptions
FN:14,useData
FN:28,(anonymous_3)
FN:36,(anonymous_4)
FN:37,(anonymous_5)
FN:42,(anonymous_6)
FN:44,(anonymous_7)
FN:51,(anonymous_8)
FN:57,(anonymous_9)
FN:61,(anonymous_10)
FN:69,(anonymous_11)
FNF:11
FNH:11
FNDA:1,defaultOptions
FNDA:1,useData
FNDA:4,(anonymous_3)
FNDA:5,(anonymous_4)
FNDA:2,(anonymous_5)
FNDA:5,(anonymous_6)
FNDA:5,(anonymous_7)
FNDA:5,(anonymous_8)
FNDA:4,(anonymous_9)
FNDA:5,(anonymous_10)
FNDA:5,(anonymous_11)
DA:1,1
DA:4,1
DA:7,1
DA:14,1
DA:15,1
DA:16,1
DA:21,1
DA:22,1
DA:24,1
DA:25,1
DA:26,1
DA:28,1
DA:29,4
DA:30,4
DA:36,5
DA:37,2
DA:39,1
DA:40,1
DA:42,1
DA:43,5
DA:44,5
DA:45,5
DA:48,5
DA:51,1
DA:52,5
DA:53,5
DA:54,5
DA:57,1
DA:58,4
DA:61,1
DA:62,5
DA:63,5
DA:64,5
DA:67,1
DA:69,1
DA:70,5
DA:71,5
DA:74,1
LF:38
LH:38
BRDA:21,0,0,1
BRDA:21,0,1,0
BRDA:22,1,0,1
BRDA:22,1,1,0
BRDA:24,2,0,1
BRDA:24,2,1,0
BRDA:29,3,0,0
BRDA:43,4,0,5
BRDA:63,5,0,5
BRDA:63,5,1,0
BRDA:64,6,0,5
BRDA:64,6,1,0
BRF:12
BRH:6
end_of_record
TN:
SF:test\testUtils.ts
FN:1,sleep
FN:2,(anonymous_1)
FNF:2
FNH:2
FNDA:8,sleep
FNDA:8,(anonymous_1)
DA:1,2
DA:2,8
DA:3,8
LF:3
LH:3
BRDA:1,0,0,3
BRF:1
BRH:1
end_of_record
