TN:
SF:src\useAsyncRun\index.ts
FN:4,useAsyncRun
FN:7,(anonymous_1)
FN:9,run
FN:21,layzRun
FN:22,(anonymous_4)
FNF:5
FNH:5
FNDA:2,useAsyncRun
FNDA:26,(anonymous_1)
FNDA:13,run
FNDA:2,layzRun
FNDA:11,(anonymous_4)
DA:2,2
DA:4,2
DA:5,2
DA:7,26
DA:10,13
DA:11,13
DA:12,13
DA:13,12
DA:15,1
DA:17,13
DA:22,2
DA:23,11
DA:27,2
LF:13
LH:13
BRF:0
BRH:0
end_of_record
TN:
SF:src\useData\index.ts
FN:6,defaultOptions
FN:14,useData
FN:26,(anonymous_3)
FN:33,(anonymous_4)
FN:34,(anonymous_5)
FN:36,(anonymous_6)
FN:42,(anonymous_7)
FN:48,(anonymous_8)
FN:52,(anonymous_9)
FN:56,(anonymous_10)
FN:62,(anonymous_11)
FN:70,(anonymous_12)
FN:71,(anonymous_13)
FN:76,(anonymous_14)
FN:78,(anonymous_15)
FN:85,(anonymous_16)
FN:93,(anonymous_17)
FN:97,(anonymous_18)
FN:105,(anonymous_19)
FNF:19
FNH:19
FNDA:1,defaultOptions
FNDA:1,useData
FNDA:2,(anonymous_3)
FNDA:7,(anonymous_4)
FNDA:6,(anonymous_5)
FNDA:1,(anonymous_6)
FNDA:1,(anonymous_7)
FNDA:1,(anonymous_8)
FNDA:1,(anonymous_9)
FNDA:1,(anonymous_10)
FNDA:9,(anonymous_11)
FNDA:10,(anonymous_12)
FNDA:2,(anonymous_13)
FNDA:10,(anonymous_14)
FNDA:10,(anonymous_15)
FNDA:10,(anonymous_16)
FNDA:9,(anonymous_17)
FNDA:10,(anonymous_18)
FNDA:10,(anonymous_19)
DA:1,1
DA:4,1
DA:7,1
DA:14,1
DA:15,1
DA:16,1
DA:21,1
DA:22,1
DA:23,1
DA:24,1
DA:25,1
DA:26,1
DA:27,2
DA:28,2
DA:29,2
DA:31,2
DA:33,7
DA:34,6
DA:36,1
DA:37,1
DA:38,1
DA:42,1
DA:43,1
DA:44,1
DA:48,1
DA:49,1
DA:52,1
DA:53,1
DA:56,1
DA:57,1
DA:58,1
DA:62,1
DA:63,9
DA:64,9
DA:70,10
DA:71,2
DA:73,1
DA:74,1
DA:76,1
DA:77,10
DA:78,10
DA:79,10
DA:82,10
DA:85,1
DA:86,10
DA:87,10
DA:88,10
DA:89,10
DA:93,1
DA:94,9
DA:97,1
DA:98,10
DA:99,10
DA:100,10
DA:103,1
DA:105,1
DA:106,10
DA:107,10
DA:110,1
LF:59
LH:59
BRDA:21,0,0,1
BRDA:21,0,1,0
BRDA:22,1,0,1
BRDA:22,1,1,0
BRDA:23,2,0,1
BRDA:23,2,1,0
BRDA:28,3,0,2
BRDA:37,4,0,1
BRDA:43,5,0,1
BRDA:49,6,0,1
BRDA:49,6,1,1
BRDA:53,7,0,1
BRDA:53,7,1,1
BRDA:57,8,0,1
BRDA:57,9,0,1
BRDA:57,9,1,1
BRDA:63,10,0,0
BRDA:77,11,0,10
BRDA:86,12,0,10
BRDA:99,13,0,10
BRDA:99,13,1,0
BRDA:100,14,0,10
BRDA:100,14,1,0
BRF:23
BRH:17
end_of_record
TN:
SF:test\testUtils.ts
FN:1,sleep
FN:2,(anonymous_1)
FNF:2
FNH:2
FNDA:13,sleep
FNDA:13,(anonymous_1)
DA:1,2
DA:2,13
DA:3,13
LF:3
LH:3
BRDA:1,0,0,3
BRF:1
BRH:1
end_of_record
